#
# A fatal error has been detected by the Java Runtime Environment:
#
#  Internal Error (javaClasses.cpp:129), pid=5164, tid=5652
#  fatal error: Invalid layout of preloaded class
#
# JRE version: 7.0_07-b11
# Java VM: Java HotSpot(TM) Client VM (23.3-b01 mixed mode windows-x86 )
# Failed to write core dump. Minidumps are not enabled by default on client versions of Windows
#
# If you would like to submit a bug report, please visit:
#   http://bugreport.sun.com/bugreport/crash.jsp
#

---------------  T H R E A D  ---------------

Current thread (0x004da800):  JavaThread "Unknown thread" [_thread_in_vm, id=5652, stack(0x01a10000,0x01a60000)]

Stack: [0x01a10000,0x01a60000],  sp=0x01a5f644,  free space=317k
Native frames: (J=compiled Java code, j=interpreted, Vv=VM code, C=native code)
V  [jvm.dll+0x16f2f1]
V  [jvm.dll+0x169496]
V  [jvm.dll+0x2082f]
V  [jvm.dll+0x208b6]
V  [jvm.dll+0x2e64d]
V  [jvm.dll+0x2e8f9]
V  [jvm.dll+0x77d01]
V  [jvm.dll+0x780bb]
V  [jvm.dll+0x1290e1]
V  [jvm.dll+0x149b8a]
V  [jvm.dll+0xa997f]
C  [javaw.exe+0x1359]
C  [javaw.exe+0x1dbb]
C  [javaw.exe+0xa0eb]
C  [javaw.exe+0xa175]
C  [kernel32.dll+0x51174]  BaseThreadInitThunk+0x12
C  [ntdll.dll+0x5b3f5]  RtlInitializeExceptionChain+0x63
C  [ntdll.dll+0x5b3c8]  RtlInitializeExceptionChain+0x36


---------------  P R O C E S S  ---------------

Java Threads: ( => current thread )

Other Threads:

=>0x004da800 (exited) JavaThread "Unknown thread" [_thread_in_vm, id=5652, stack(0x01a10000,0x01a60000)]

VM state:not at safepoint (not fully initialized)

VM Mutex/Monitor currently owned by a thread: None

GC Heap History (0 events):
No events

Deoptimization events (0 events):
No events

Internal exceptions (0 events):
No events

Events (10 events):
Event: 0.051 loading class 0x011e3730 done
Event: 0.051 loading class 0x011e2d60 done
Event: 0.051 loading class 0x011e2d38
Event: 0.051 loading class 0x012579e8
Event: 0.051 loading class 0x012579e8 done
Event: 0.051 loading class 0x01257a20
Event: 0.051 loading class 0x01257a20 done
Event: 0.051 loading class 0x0124c920
Event: 0.051 loading class 0x0124c920 done
Event: 0.051 loading class 0x011e2d38 done


Dynamic libraries:
0x00230000 - 0x0025f000 	C:\Program Files\Java\jre7\bin\javaw.exe
0x77300000 - 0x7743c000 	C:\Windows\SYSTEM32\ntdll.dll
0x76f60000 - 0x77034000 	C:\Windows\system32\kernel32.dll
0x755d0000 - 0x7561a000 	C:\Windows\system32\KERNELBASE.dll
0x77260000 - 0x77300000 	C:\Windows\system32\ADVAPI32.dll
0x75b20000 - 0x75bcc000 	C:\Windows\system32\msvcrt.dll
0x75ab0000 - 0x75ac9000 	C:\Windows\SYSTEM32\sechost.dll
0x771b0000 - 0x77251000 	C:\Windows\system32\RPCRT4.dll
0x77460000 - 0x77529000 	C:\Windows\system32\USER32.dll
0x75a40000 - 0x75a8e000 	C:\Windows\system32\GDI32.dll
0x75790000 - 0x7579a000 	C:\Windows\system32\LPK.dll
0x757f0000 - 0x7588d000 	C:\Windows\system32\USP10.dll
0x74330000 - 0x744ce000 	C:\Windows\WinSxS\x86_microsoft.windows.common-controls_6595b64144ccf1df_6.0.7600.16385_none_421189da2b7fabfc\COMCTL32.dll
0x76f00000 - 0x76f57000 	C:\Windows\system32\SHLWAPI.dll
0x75a90000 - 0x75aaf000 	C:\Windows\system32\IMM32.DLL
0x75f20000 - 0x75fec000 	C:\Windows\system32\MSCTF.dll
0x67e10000 - 0x67ece000 	C:\Program Files\Java\jre7\bin\msvcr100.dll
0x5fcf0000 - 0x6003c000 	C:\Program Files\Java\jre7\bin\client\jvm.dll
0x6e030000 - 0x6e037000 	C:\Windows\system32\WSOCK32.dll
0x757b0000 - 0x757e5000 	C:\Windows\system32\WS2_32.dll
0x77450000 - 0x77456000 	C:\Windows\system32\NSI.dll
0x72fd0000 - 0x73002000 	C:\Windows\system32\WINMM.dll
0x77440000 - 0x77445000 	C:\Windows\system32\PSAPI.DLL
0x737c0000 - 0x737cc000 	C:\Program Files\Java\jre7\bin\verify.dll
0x73760000 - 0x73780000 	C:\Program Files\Java\jre7\bin\java.dll
0x73480000 - 0x73493000 	C:\Program Files\Java\jre7\bin\zip.dll
0x6f740000 - 0x6f82b000 	C:\Windows\system32\dbghelp.dll

VM Arguments:
jvm_args: -Dfile.encoding=UTF-8 -Xbootclasspath:D:\Android\ADT\sdk\platforms\android-17\android.jar 
java_command: com.syw.SNSsync.T
Launcher Type: SUN_STANDARD

Environment Variables:
JAVA_HOME=C:\Program Files\Java\jdk1.7.0_07
PATH=C:/Program Files/Java/jre7/bin/client;C:/Program Files/Java/jre7/bin;C:/Program Files/Java/jre7/lib/i386;D:\Oracle\product\11.2.0\dbhome_1\bin;C:\Windows\system32;C:\Windows;C:\Windows\System32\Wbem;C:\Windows\System32\WindowsPowerShell\v1.0\;C:\Program Files\Java\jdk1.7.0_07\bin;D:\Android\ADT\sdk\platform-tools;C:\Python27\Lib\site-packages\django\bin;C:\Python27;C:\Python27\Scripts;C:\Program Files\MySQL\MySQL Server 5.1\bin;C:\Program Files\Google\google_appengine\;D:\Android\ADT\eclipse;
USERNAME=SYW
OS=Windows_NT
PROCESSOR_IDENTIFIER=x86 Family 6 Model 42 Stepping 7, GenuineIntel



---------------  S Y S T E M  ---------------

OS: Windows 7 Build 7600 

CPU:total 4 (2 cores per cpu, 2 threads per core) family 6 model 42 stepping 7, cmov, cx8, fxsr, mmx, sse, sse2, sse3, ssse3, sse4.1, sse4.2, popcnt, ht, tsc, tscinvbit

Memory: 4k page, physical 2037616k(778568k free), swap 4075232k(1844600k free)

vm_info: Java HotSpot(TM) Client VM (23.3-b01) for windows-x86 JRE (1.7.0_07-b11), built on Sep  7 2012 01:40:56 by "java_re" with unknown MS VC++:1600

time: Sun Mar 03 19:15:12 2013
elapsed time: 0 seconds

